# JRE version: OpenJDK Runtime Environment Temurin-21.0.10+7 (21.0.10+7) (build 21.0.10+7-LTS)
# Java VM: OpenJDK 64-Bit Server VM Temurin-21.0.10+7 (21.0.10+7-LTS, mixed mode, sharing, tiered, compressed oops, compressed class ptrs, parallel gc, windows-amd64)
GC Precious Log:
 CardTable entry size: 512
 CPUs: 12 total, 12 available
 Memory: 16158M
 Large Page Support: Disabled
 NUMA Support: Disabled
 Compressed Oops: Enabled (32-bit)
 Alignments: Space 512K, Generation 512K, Heap 2M
 Heap Min Capacity: 100M
 Heap Initial Capacity: 100M
 Heap Max Capacity: 2G
 Pre-touch: Disabled
 Parallel Workers: 10
Heap:
 PSYoungGen      total 23552K, used 11362K [0x00000000d5580000, 0x00000000d7200000, 0x0000000100000000)
  eden space 20992K, 42% used [0x00000000d5580000,0x00000000d5e1ed50,0x00000000d6a00000)
  from space 2560K, 99% used [0x00000000d6a00000,0x00000000d6c79c78,0x00000000d6c80000)
  to   space 4096K, 0% used [0x00000000d6e00000,0x00000000d6e00000,0x00000000d7200000)
 ParOldGen       total 68608K, used 23208K [0x0000000080000000, 0x0000000084300000, 0x00000000d5580000)
  object space 68608K, 33% used [0x0000000080000000,0x00000000816aa208,0x0000000084300000)
 Metaspace       used 49058K, committed 50112K, reserved 1114112K
  class space    used 5445K, committed 5952K, reserved 1048576K
GC Heap History (20 events):
Event: 5.343 GC heap before
{Heap before GC invocations=12 (full 1):
 PSYoungGen      total 25600K, used 25578K [0x00000000d5580000, 0x00000000d7580000, 0x0000000100000000)
  eden space 23040K, 99% used [0x00000000d5580000,0x00000000d6bfffd0,0x00000000d6c00000)
  from space 2560K, 99% used [0x00000000d7300000,0x00000000d757aa50,0x00000000d7580000)
  to   space 3584K, 0% used [0x00000000d6e80000,0x00000000d6e80000,0x00000000d7200000)
 ParOldGen       total 68608K, used 13858K [0x0000000080000000, 0x0000000084300000, 0x00000000d5580000)
  object space 68608K, 20% used [0x0000000080000000,0x0000000080d88950,0x0000000084300000)
 Metaspace       used 29797K, committed 30720K, reserved 1114112K
  class space    used 2945K, committed 3328K, reserved 1048576K
}
Event: 5.344 GC heap after
{Heap after GC invocations=12 (full 1):
 PSYoungGen      total 25088K, used 2130K [0x00000000d5580000, 0x00000000d7380000, 0x0000000100000000)
  eden space 22528K, 0% used [0x00000000d5580000,0x00000000d5580000,0x00000000d6b80000)
  from space 2560K, 83% used [0x00000000d6e80000,0x00000000d7094b18,0x00000000d7100000)
  to   space 2560K, 0% used [0x00000000d7100000,0x00000000d7100000,0x00000000d7380000)
 ParOldGen       total 68608K, used 16338K [0x0000000080000000, 0x0000000084300000, 0x00000000d5580000)
  object space 68608K, 23% used [0x0000000080000000,0x0000000080ff49e0,0x0000000084300000)
 Metaspace       used 29797K, committed 30720K, reserved 1114112K
  class space    used 2945K, committed 3328K, reserved 1048576K
}
Event: 5.438 GC heap before
{Heap before GC invocations=13 (full 1):
 PSYoungGen      total 25088K, used 24658K [0x00000000d5580000, 0x00000000d7380000, 0x0000000100000000)
  eden space 22528K, 100% used [0x00000000d5580000,0x00000000d6b80000,0x00000000d6b80000)
  from space 2560K, 83% used [0x00000000d6e80000,0x00000000d7094b18,0x00000000d7100000)
  to   space 2560K, 0% used [0x00000000d7100000,0x00000000d7100000,0x00000000d7380000)
 ParOldGen       total 68608K, used 16338K [0x0000000080000000, 0x0000000084300000, 0x00000000d5580000)
  object space 68608K, 23% used [0x0000000080000000,0x0000000080ff49e0,0x0000000084300000)
 Metaspace       used 32307K, committed 33344K, reserved 1114112K
  class space    used 3248K, committed 3712K, reserved 1048576K
}
Event: 5.440 GC heap after
{Heap after GC invocations=13 (full 1):
 PSYoungGen      total 23552K, used 2556K [0x00000000d5580000, 0x00000000d7900000, 0x0000000100000000)
  eden space 20992K, 0% used [0x00000000d5580000,0x00000000d5580000,0x00000000d6a00000)
  from space 2560K, 99% used [0x00000000d7100000,0x00000000d737f2c0,0x00000000d7380000)
  to   space 7168K, 0% used [0x00000000d6a00000,0x00000000d6a00000,0x00000000d7100000)
 ParOldGen       total 68608K, used 19844K [0x0000000080000000, 0x0000000084300000, 0x00000000d5580000)
  object space 68608K, 28% used [0x0000000080000000,0x00000000813610a8,0x0000000084300000)
 Metaspace       used 32307K, committed 33344K, reserved 1114112K
  class space    used 3248K, committed 3712K, reserved 1048576K
}
Event: 5.527 GC heap before
{Heap before GC invocations=14 (full 1):
 PSYoungGen      total 23552K, used 18845K [0x00000000d5580000, 0x00000000d7900000, 0x0000000100000000)
  eden space 20992K, 77% used [0x00000000d5580000,0x00000000d65681a8,0x00000000d6a00000)
  from space 2560K, 99% used [0x00000000d7100000,0x00000000d737f2c0,0x00000000d7380000)
  to   space 7168K, 0% used [0x00000000d6a00000,0x00000000d6a00000,0x00000000d7100000)
 ParOldGen       total 68608K, used 19844K [0x0000000080000000, 0x0000000084300000, 0x00000000d5580000)
  object space 68608K, 28% used [0x0000000080000000,0x00000000813610a8,0x0000000084300000)
 Metaspace       used 34883K, committed 35840K, reserved 1114112K
  class space    used 3582K, committed 4032K, reserved 1048576K
}
Event: 5.529 GC heap after
{Heap after GC invocations=14 (full 1):
 PSYoungGen      total 22016K, used 755K [0x00000000d5580000, 0x00000000d7180000, 0x0000000100000000)
  eden space 20992K, 0% used [0x00000000d5580000,0x00000000d5580000,0x00000000d6a00000)
  from space 1024K, 73% used [0x00000000d6a00000,0x00000000d6abcfa8,0x00000000d6b00000)
  to   space 3072K, 0% used [0x00000000d6e80000,0x00000000d6e80000,0x00000000d7180000)
 ParOldGen       total 68608K, used 21510K [0x0000000080000000, 0x0000000084300000, 0x00000000d5580000)
  object space 68608K, 31% used [0x0000000080000000,0x00000000815019d8,0x0000000084300000)
 Metaspace       used 34883K, committed 35840K, reserved 1114112K
  class space    used 3582K, committed 4032K, reserved 1048576K
}
Event: 5.529 GC heap before
{Heap before GC invocations=15 (full 2):
 PSYoungGen      total 22016K, used 755K [0x00000000d5580000, 0x00000000d7180000, 0x0000000100000000)
  eden space 20992K, 0% used [0x00000000d5580000,0x00000000d5580000,0x00000000d6a00000)
  from space 1024K, 73% used [0x00000000d6a00000,0x00000000d6abcfa8,0x00000000d6b00000)
  to   space 3072K, 0% used [0x00000000d6e80000,0x00000000d6e80000,0x00000000d7180000)
 ParOldGen       total 68608K, used 21510K [0x0000000080000000, 0x0000000084300000, 0x00000000d5580000)
  object space 68608K, 31% used [0x0000000080000000,0x00000000815019d8,0x0000000084300000)
 Metaspace       used 34883K, committed 35840K, reserved 1114112K
  class space    used 3582K, committed 4032K, reserved 1048576K
}
Event: 5.549 GC heap after
{Heap after GC invocations=15 (full 2):
 PSYoungGen      total 22016K, used 0K [0x00000000d5580000, 0x00000000d7180000, 0x0000000100000000)
  eden space 20992K, 0% used [0x00000000d5580000,0x00000000d5580000,0x00000000d6a00000)
  from space 1024K, 0% used [0x00000000d6a00000,0x00000000d6a00000,0x00000000d6b00000)
  to   space 3072K, 0% used [0x00000000d6e80000,0x00000000d6e80000,0x00000000d7180000)
 ParOldGen       total 68608K, used 19312K [0x0000000080000000, 0x0000000084300000, 0x00000000d5580000)
  object space 68608K, 28% used [0x0000000080000000,0x00000000812dc2a0,0x0000000084300000)
 Metaspace       used 34883K, committed 35840K, reserved 1114112K
  class space    used 3582K, committed 4032K, reserved 1048576K
}
Event: 5.711 GC heap before
{Heap before GC invocations=16 (full 2):
 PSYoungGen      total 22016K, used 20992K [0x00000000d5580000, 0x00000000d7180000, 0x0000000100000000)
  eden space 20992K, 100% used [0x00000000d5580000,0x00000000d6a00000,0x00000000d6a00000)
  from space 1024K, 0% used [0x00000000d6a00000,0x00000000d6a00000,0x00000000d6b00000)
  to   space 3072K, 0% used [0x00000000d6e80000,0x00000000d6e80000,0x00000000d7180000)
 ParOldGen       total 68608K, used 19312K [0x0000000080000000, 0x0000000084300000, 0x00000000d5580000)
  object space 68608K, 28% used [0x0000000080000000,0x00000000812dc2a0,0x0000000084300000)
 Metaspace       used 37818K, committed 38848K, reserved 1114112K
  class space    used 3988K, committed 4416K, reserved 1048576K
}
Event: 5.713 GC heap after
{Heap after GC invocations=16 (full 2):
 PSYoungGen      total 22528K, used 1056K [0x00000000d5580000, 0x00000000d7000000, 0x0000000100000000)
  eden space 20992K, 0% used [0x00000000d5580000,0x00000000d5580000,0x00000000d6a00000)
  from space 1536K, 68% used [0x00000000d6e80000,0x00000000d6f88000,0x00000000d7000000)
  to   space 1536K, 0% used [0x00000000d6d00000,0x00000000d6d00000,0x00000000d6e80000)
 ParOldGen       total 68608K, used 19320K [0x0000000080000000, 0x0000000084300000, 0x00000000d5580000)
  object space 68608K, 28% used [0x0000000080000000,0x00000000812de2a0,0x0000000084300000)
 Metaspace       used 37818K, committed 38848K, reserved 1114112K
  class space    used 3988K, committed 4416K, reserved 1048576K
}
Event: 5.851 GC heap before
{Heap before GC invocations=17 (full 2):
 PSYoungGen      total 22528K, used 22036K [0x00000000d5580000, 0x00000000d7000000, 0x0000000100000000)
  eden space 20992K, 99% used [0x00000000d5580000,0x00000000d69fd090,0x00000000d6a00000)
  from space 1536K, 68% used [0x00000000d6e80000,0x00000000d6f88000,0x00000000d7000000)
  to   space 1536K, 0% used [0x00000000d6d00000,0x00000000d6d00000,0x00000000d6e80000)
 ParOldGen       total 68608K, used 19320K [0x0000000080000000, 0x0000000084300000, 0x00000000d5580000)
  object space 68608K, 28% used [0x0000000080000000,0x00000000812de2a0,0x0000000084300000)
 Metaspace       used 39658K, committed 40704K, reserved 1114112K
  class space    used 4243K, committed 4736K, reserved 1048576K
}
Event: 5.852 GC heap after
{Heap after GC invocations=17 (full 2):
 PSYoungGen      total 22016K, used 954K [0x00000000d5580000, 0x00000000d6f00000, 0x0000000100000000)
  eden space 20992K, 0% used [0x00000000d5580000,0x00000000d5580000,0x00000000d6a00000)
  from space 1024K, 93% used [0x00000000d6d00000,0x00000000d6deeb38,0x00000000d6e00000)
  to   space 1024K, 0% used [0x00000000d6e00000,0x00000000d6e00000,0x00000000d6f00000)
 ParOldGen       total 68608K, used 20096K [0x0000000080000000, 0x0000000084300000, 0x00000000d5580000)
  object space 68608K, 29% used [0x0000000080000000,0x00000000813a02b0,0x0000000084300000)
 Metaspace       used 39658K, committed 40704K, reserved 1114112K
  class space    used 4243K, committed 4736K, reserved 1048576K
}
Event: 6.027 GC heap before
{Heap before GC invocations=18 (full 2):
 PSYoungGen      total 22016K, used 21698K [0x00000000d5580000, 0x00000000d6f00000, 0x0000000100000000)
  eden space 20992K, 98% used [0x00000000d5580000,0x00000000d69c1fb0,0x00000000d6a00000)
  from space 1024K, 93% used [0x00000000d6d00000,0x00000000d6deeb38,0x00000000d6e00000)
  to   space 1024K, 0% used [0x00000000d6e00000,0x00000000d6e00000,0x00000000d6f00000)
 ParOldGen       total 68608K, used 20096K [0x0000000080000000, 0x0000000084300000, 0x00000000d5580000)
  object space 68608K, 29% used [0x0000000080000000,0x00000000813a02b0,0x0000000084300000)
 Metaspace       used 41466K, committed 42496K, reserved 1114112K
  class space    used 4471K, committed 4928K, reserved 1048576K
}
Event: 6.029 GC heap after
{Heap after GC invocations=18 (full 2):
 PSYoungGen      total 22016K, used 1008K [0x00000000d5580000, 0x00000000d6f00000, 0x0000000100000000)
  eden space 20992K, 0% used [0x00000000d5580000,0x00000000d5580000,0x00000000d6a00000)
  from space 1024K, 98% used [0x00000000d6e00000,0x00000000d6efc040,0x00000000d6f00000)
  to   space 2048K, 0% used [0x00000000d6b00000,0x00000000d6b00000,0x00000000d6d00000)
 ParOldGen       total 68608K, used 20867K [0x0000000080000000, 0x0000000084300000, 0x00000000d5580000)
  object space 68608K, 30% used [0x0000000080000000,0x0000000081460e08,0x0000000084300000)
 Metaspace       used 41466K, committed 42496K, reserved 1114112K
  class space    used 4471K, committed 4928K, reserved 1048576K
}
Event: 6.294 GC heap before
{Heap before GC invocations=19 (full 2):
 PSYoungGen      total 22016K, used 22000K [0x00000000d5580000, 0x00000000d6f00000, 0x0000000100000000)
  eden space 20992K, 100% used [0x00000000d5580000,0x00000000d6a00000,0x00000000d6a00000)
  from space 1024K, 98% used [0x00000000d6e00000,0x00000000d6efc040,0x00000000d6f00000)
  to   space 2048K, 0% used [0x00000000d6b00000,0x00000000d6b00000,0x00000000d6d00000)
 ParOldGen       total 68608K, used 20867K [0x0000000080000000, 0x0000000084300000, 0x00000000d5580000)
  object space 68608K, 30% used [0x0000000080000000,0x0000000081460e08,0x0000000084300000)
 Metaspace       used 43664K, committed 44736K, reserved 1114112K
  class space    used 4748K, committed 5184K, reserved 1048576K
}
Event: 6.295 GC heap after
{Heap after GC invocations=19 (full 2):
 PSYoungGen      total 23040K, used 800K [0x00000000d5580000, 0x00000000d6e80000, 0x0000000100000000)
  eden space 20992K, 0% used [0x00000000d5580000,0x00000000d5580000,0x00000000d6a00000)
  from space 2048K, 39% used [0x00000000d6b00000,0x00000000d6bc8000,0x00000000d6d00000)
  to   space 1536K, 0% used [0x00000000d6d00000,0x00000000d6d00000,0x00000000d6e80000)
 ParOldGen       total 68608K, used 21456K [0x0000000080000000, 0x0000000084300000, 0x00000000d5580000)
  object space 68608K, 31% used [0x0000000080000000,0x00000000814f4160,0x0000000084300000)
 Metaspace       used 43664K, committed 44736K, reserved 1114112K
  class space    used 4748K, committed 5184K, reserved 1048576K
}
Event: 7.621 GC heap before
{Heap before GC invocations=20 (full 2):
 PSYoungGen      total 23040K, used 21792K [0x00000000d5580000, 0x00000000d6e80000, 0x0000000100000000)
  eden space 20992K, 100% used [0x00000000d5580000,0x00000000d6a00000,0x00000000d6a00000)
  from space 2048K, 39% used [0x00000000d6b00000,0x00000000d6bc8000,0x00000000d6d00000)
  to   space 1536K, 0% used [0x00000000d6d00000,0x00000000d6d00000,0x00000000d6e80000)
 ParOldGen       total 68608K, used 21456K [0x0000000080000000, 0x0000000084300000, 0x00000000d5580000)
  object space 68608K, 31% used [0x0000000080000000,0x00000000814f4160,0x0000000084300000)
 Metaspace       used 45766K, committed 46912K, reserved 1114112K
  class space    used 5039K, committed 5568K, reserved 1048576K
}
Event: 7.623 GC heap after
{Heap after GC invocations=20 (full 2):
 PSYoungGen      total 22528K, used 1523K [0x00000000d5580000, 0x00000000d6f00000, 0x0000000100000000)
  eden space 20992K, 0% used [0x00000000d5580000,0x00000000d5580000,0x00000000d6a00000)
  from space 1536K, 99% used [0x00000000d6d00000,0x00000000d6e7ccf8,0x00000000d6e80000)
  to   space 2560K, 0% used [0x00000000d6a00000,0x00000000d6a00000,0x00000000d6c80000)
 ParOldGen       total 68608K, used 22136K [0x0000000080000000, 0x0000000084300000, 0x00000000d5580000)
  object space 68608K, 32% used [0x0000000080000000,0x000000008159e180,0x0000000084300000)
 Metaspace       used 45766K, committed 46912K, reserved 1114112K
  class space    used 5039K, committed 5568K, reserved 1048576K
}
Event: 7.920 GC heap before
{Heap before GC invocations=21 (full 2):
 PSYoungGen      total 22528K, used 22497K [0x00000000d5580000, 0x00000000d6f00000, 0x0000000100000000)
  eden space 20992K, 99% used [0x00000000d5580000,0x00000000d69fba48,0x00000000d6a00000)
  from space 1536K, 99% used [0x00000000d6d00000,0x00000000d6e7ccf8,0x00000000d6e80000)
  to   space 2560K, 0% used [0x00000000d6a00000,0x00000000d6a00000,0x00000000d6c80000)
 ParOldGen       total 68608K, used 22136K [0x0000000080000000, 0x0000000084300000, 0x00000000d5580000)
  object space 68608K, 32% used [0x0000000080000000,0x000000008159e180,0x0000000084300000)
 Metaspace       used 47988K, committed 49088K, reserved 1114112K
  class space    used 5324K, committed 5824K, reserved 1048576K
}
Event: 7.922 GC heap after
{Heap after GC invocations=21 (full 2):
 PSYoungGen      total 23552K, used 2535K [0x00000000d5580000, 0x00000000d7200000, 0x0000000100000000)
  eden space 20992K, 0% used [0x00000000d5580000,0x00000000d5580000,0x00000000d6a00000)
  from space 2560K, 99% used [0x00000000d6a00000,0x00000000d6c79c78,0x00000000d6c80000)
  to   space 4096K, 0% used [0x00000000d6e00000,0x00000000d6e00000,0x00000000d7200000)
 ParOldGen       total 68608K, used 23208K [0x0000000080000000, 0x0000000084300000, 0x00000000d5580000)
  object space 68608K, 33% used [0x0000000080000000,0x00000000816aa208,0x0000000084300000)
 Metaspace       used 47988K, committed 49088K, reserved 1114112K
  class space    used 5324K, committed 5824K, reserved 1048576K
}

